<?xml version="1.0" encoding="UTF-8"?>
<coverage generated="1631995683642" clover="3.2.0">
  <project timestamp="1631995683642" name="All files">
    <metrics statements="32" coveredstatements="22" conditionals="13" coveredconditionals="11" methods="4" coveredmethods="3" elements="49" coveredelements="36" complexity="0" loc="32" ncloc="32" packages="1" files="2" classes="2"/>
    <file name="api.bc.js" path="C:\Users\pedro\Documentos\programas\DevPleno\ConvertMyMoney\lib\api.bc.js">
      <metrics statements="29" coveredstatements="19" conditionals="13" coveredconditionals="11" methods="2" coveredmethods="1"/>
      <line num="1" count="1" type="stmt"/>
      <line num="7" count="1" type="stmt"/>
      <line num="8" count="11" type="stmt"/>
      <line num="9" count="11" type="stmt"/>
      <line num="10" count="11" type="stmt"/>
      <line num="11" count="11" type="stmt"/>
      <line num="12" count="11" type="stmt"/>
      <line num="13" count="11" type="cond" truecount="7" falsecount="0"/>
      <line num="14" count="3" type="stmt"/>
      <line num="15" count="8" type="cond" truecount="2" falsecount="0"/>
      <line num="17" count="3" type="stmt"/>
      <line num="18" count="5" type="cond" truecount="2" falsecount="0"/>
      <line num="20" count="3" type="stmt"/>
      <line num="22" count="11" type="stmt"/>
      <line num="23" count="11" type="stmt"/>
      <line num="24" count="11" type="stmt"/>
      <line num="25" count="11" type="stmt"/>
      <line num="28" count="1" type="stmt"/>
      <line num="29" count="0" type="stmt"/>
      <line num="30" count="0" type="stmt"/>
      <line num="31" count="0" type="stmt"/>
      <line num="32" count="0" type="stmt"/>
      <line num="33" count="0" type="stmt"/>
      <line num="34" count="0" type="cond" truecount="0" falsecount="2"/>
      <line num="35" count="0" type="stmt"/>
      <line num="36" count="0" type="stmt"/>
      <line num="37" count="0" type="stmt"/>
      <line num="39" count="0" type="stmt"/>
      <line num="44" count="1" type="stmt"/>
    </file>
    <file name="convert.js" path="C:\Users\pedro\Documentos\programas\DevPleno\ConvertMyMoney\lib\convert.js">
      <metrics statements="3" coveredstatements="3" conditionals="0" coveredconditionals="0" methods="2" coveredmethods="2"/>
      <line num="1" count="2" type="stmt"/>
      <line num="3" count="4" type="stmt"/>
      <line num="5" count="1" type="stmt"/>
    </file>
  </project>
</coverage>
