<?xml version="1.0" encoding="UTF-8"?>
<coverage generated="1632164883178" clover="3.2.0">
  <project timestamp="1632164883179" name="All files">
    <metrics statements="34" coveredstatements="34" conditionals="20" coveredconditionals="20" methods="5" coveredmethods="5" elements="59" coveredelements="59" complexity="0" loc="34" ncloc="34" packages="1" files="2" classes="2"/>
    <file name="api.bc.js" path="C:\Users\pedro\Documentos\programas\DevPleno\ConvertMyMoney\lib\api.bc.js">
      <metrics statements="31" coveredstatements="31" conditionals="20" coveredconditionals="20" methods="3" coveredmethods="3"/>
      <line num="1" count="1" type="stmt"/>
      <line num="7" count="1" type="stmt"/>
      <line num="8" count="14" type="stmt"/>
      <line num="9" count="14" type="stmt"/>
      <line num="10" count="14" type="stmt"/>
      <line num="11" count="14" type="stmt"/>
      <line num="12" count="14" type="stmt"/>
      <line num="13" count="14" type="cond" truecount="8" falsecount="0"/>
      <line num="14" count="3" type="stmt"/>
      <line num="15" count="11" type="cond" truecount="2" falsecount="0"/>
      <line num="17" count="3" type="stmt"/>
      <line num="18" count="8" type="cond" truecount="2" falsecount="0"/>
      <line num="20" count="3" type="stmt"/>
      <line num="21" count="5" type="cond" truecount="6" falsecount="0"/>
      <line num="23" count="2" type="stmt"/>
      <line num="25" count="14" type="stmt"/>
      <line num="26" count="14" type="stmt"/>
      <line num="27" count="14" type="stmt"/>
      <line num="28" count="14" type="stmt"/>
      <line num="31" count="3" type="stmt"/>
      <line num="32" count="2" type="stmt"/>
      <line num="33" count="2" type="stmt"/>
      <line num="34" count="2" type="stmt"/>
      <line num="35" count="2" type="stmt"/>
      <line num="36" count="2" type="stmt"/>
      <line num="37" count="2" type="cond" truecount="2" falsecount="0"/>
      <line num="38" count="1" type="stmt"/>
      <line num="39" count="1" type="stmt"/>
      <line num="40" count="1" type="stmt"/>
      <line num="42" count="2" type="stmt"/>
      <line num="47" count="1" type="stmt"/>
    </file>
    <file name="convert.js" path="C:\Users\pedro\Documentos\programas\DevPleno\ConvertMyMoney\lib\convert.js">
      <metrics statements="3" coveredstatements="3" conditionals="0" coveredconditionals="0" methods="2" coveredmethods="2"/>
      <line num="1" count="2" type="stmt"/>
      <line num="3" count="4" type="stmt"/>
      <line num="5" count="1" type="stmt"/>
    </file>
  </project>
</coverage>
