{"C:\\Users\\pedro\\Documentos\\programas\\DevPleno\\ConvertMyMoney\\lib\\api.bc.js": {"path":"C:\\Users\\pedro\\Documentos\\programas\\DevPleno\\ConvertMyMoney\\lib\\api.bc.js","statementMap":{"0":{"start":{"line":1,"column":14},"end":{"line":1,"column":30}},"1":{"start":{"line":7,"column":20},"end":{"line":29,"column":1}},"2":{"start":{"line":8,"column":21},"end":{"line":8,"column":31}},"3":{"start":{"line":9,"column":14},"end":{"line":9,"column":32}},"4":{"start":{"line":10,"column":17},"end":{"line":10,"column":36}},"5":{"start":{"line":11,"column":20},"end":{"line":11,"column":41}},"6":{"start":{"line":12,"column":22},"end":{"line":12,"column":39}},"7":{"start":{"line":13,"column":4},"end":{"line":24,"column":5}},"8":{"start":{"line":14,"column":8},"end":{"line":14,"column":21}},"9":{"start":{"line":15,"column":11},"end":{"line":24,"column":5}},"10":{"start":{"line":17,"column":8},"end":{"line":17,"column":21}},"11":{"start":{"line":18,"column":11},"end":{"line":24,"column":5}},"12":{"start":{"line":20,"column":8},"end":{"line":20,"column":21}},"13":{"start":{"line":21,"column":11},"end":{"line":24,"column":5}},"14":{"start":{"line":23,"column":8},"end":{"line":23,"column":21}},"15":{"start":{"line":25,"column":16},"end":{"line":25,"column":39}},"16":{"start":{"line":26,"column":16},"end":{"line":26,"column":38}},"17":{"start":{"line":27,"column":16},"end":{"line":27,"column":234}},"18":{"start":{"line":28,"column":4},"end":{"line":28,"column":14}},"19":{"start":{"line":31,"column":17},"end":{"line":45,"column":1}},"20":{"start":{"line":31,"column":38},"end":{"line":45,"column":1}},"21":{"start":{"line":32,"column":21},"end":{"line":32,"column":34}},"22":{"start":{"line":33,"column":17},"end":{"line":33,"column":42}},"23":{"start":{"line":34,"column":24},"end":{"line":34,"column":28}},"24":{"start":{"line":35,"column":23},"end":{"line":35,"column":27}},"25":{"start":{"line":36,"column":26},"end":{"line":36,"column":48}},"26":{"start":{"line":37,"column":4},"end":{"line":41,"column":5}},"27":{"start":{"line":38,"column":8},"end":{"line":38,"column":62}},"28":{"start":{"line":39,"column":8},"end":{"line":39,"column":60}},"29":{"start":{"line":40,"column":8},"end":{"line":40,"column":66}},"30":{"start":{"line":42,"column":4},"end":{"line":42,"column":59}},"31":{"start":{"line":47,"column":0},"end":{"line":53,"column":1}}},"fnMap":{"0":{"name":"(anonymous_0)","decl":{"start":{"line":7,"column":20},"end":{"line":7,"column":21}},"loc":{"start":{"line":7,"column":26},"end":{"line":29,"column":1}},"line":7},"1":{"name":"(anonymous_1)","decl":{"start":{"line":31,"column":17},"end":{"line":31,"column":18}},"loc":{"start":{"line":31,"column":38},"end":{"line":45,"column":1}},"line":31},"2":{"name":"(anonymous_2)","decl":{"start":{"line":31,"column":38},"end":{"line":31,"column":39}},"loc":{"start":{"line":31,"column":50},"end":{"line":45,"column":1}},"line":31}},"branchMap":{"0":{"loc":{"start":{"line":13,"column":4},"end":{"line":24,"column":5}},"type":"if","locations":[{"start":{"line":13,"column":4},"end":{"line":24,"column":5}},{"start":{"line":13,"column":4},"end":{"line":24,"column":5}}],"line":13},"1":{"loc":{"start":{"line":13,"column":8},"end":{"line":13,"column":106}},"type":"binary-expr","locations":[{"start":{"line":13,"column":8},"end":{"line":13,"column":22}},{"start":{"line":13,"column":26},"end":{"line":13,"column":40}},{"start":{"line":13,"column":44},"end":{"line":13,"column":58}},{"start":{"line":13,"column":63},"end":{"line":13,"column":72}},{"start":{"line":13,"column":77},"end":{"line":13,"column":87}},{"start":{"line":13,"column":91},"end":{"line":13,"column":104}}],"line":13},"2":{"loc":{"start":{"line":15,"column":11},"end":{"line":24,"column":5}},"type":"if","locations":[{"start":{"line":15,"column":11},"end":{"line":24,"column":5}},{"start":{"line":15,"column":11},"end":{"line":24,"column":5}}],"line":15},"3":{"loc":{"start":{"line":18,"column":11},"end":{"line":24,"column":5}},"type":"if","locations":[{"start":{"line":18,"column":11},"end":{"line":24,"column":5}},{"start":{"line":18,"column":11},"end":{"line":24,"column":5}}],"line":18},"4":{"loc":{"start":{"line":21,"column":11},"end":{"line":24,"column":5}},"type":"if","locations":[{"start":{"line":21,"column":11},"end":{"line":24,"column":5}},{"start":{"line":21,"column":11},"end":{"line":24,"column":5}}],"line":21},"5":{"loc":{"start":{"line":21,"column":15},"end":{"line":21,"column":77}},"type":"binary-expr","locations":[{"start":{"line":21,"column":15},"end":{"line":21,"column":29}},{"start":{"line":21,"column":34},"end":{"line":21,"column":43}},{"start":{"line":21,"column":48},"end":{"line":21,"column":58}},{"start":{"line":21,"column":62},"end":{"line":21,"column":75}}],"line":21},"6":{"loc":{"start":{"line":37,"column":4},"end":{"line":41,"column":5}},"type":"if","locations":[{"start":{"line":37,"column":4},"end":{"line":41,"column":5}},{"start":{"line":37,"column":4},"end":{"line":41,"column":5}}],"line":37}},"s":{"0":1,"1":1,"2":14,"3":14,"4":14,"5":14,"6":14,"7":14,"8":3,"9":11,"10":3,"11":8,"12":3,"13":5,"14":2,"15":14,"16":14,"17":14,"18":14,"19":1,"20":3,"21":2,"22":2,"23":2,"24":2,"25":2,"26":2,"27":1,"28":1,"29":1,"30":2,"31":1},"f":{"0":14,"1":3,"2":2},"b":{"0":[3,11],"1":[14,11,8,5,4,3],"2":[3,8],"3":[3,5],"4":[2,3],"5":[5,3,3,3],"6":[1,1]},"_coverageSchema":"1a1c01bbd47fc00a2c39e90264f33305004495a9","hash":"9e1b4a22b72409fd4761d4195d8c0085dc7d5fb1"}
,"C:\\Users\\pedro\\Documentos\\programas\\DevPleno\\ConvertMyMoney\\lib\\convert.js": {"path":"C:\\Users\\pedro\\Documentos\\programas\\DevPleno\\ConvertMyMoney\\lib\\convert.js","statementMap":{"0":{"start":{"line":1,"column":16},"end":{"line":1,"column":55}},"1":{"start":{"line":1,"column":38},"end":{"line":1,"column":55}},"2":{"start":{"line":3,"column":16},"end":{"line":3,"column":55}},"3":{"start":{"line":3,"column":27},"end":{"line":3,"column":55}},"4":{"start":{"line":5,"column":0},"end":{"line":8,"column":1}}},"fnMap":{"0":{"name":"(anonymous_0)","decl":{"start":{"line":1,"column":16},"end":{"line":1,"column":17}},"loc":{"start":{"line":1,"column":38},"end":{"line":1,"column":55}},"line":1},"1":{"name":"(anonymous_1)","decl":{"start":{"line":3,"column":16},"end":{"line":3,"column":17}},"loc":{"start":{"line":3,"column":27},"end":{"line":3,"column":55}},"line":3}},"branchMap":{},"s":{"0":1,"1":2,"2":1,"3":4,"4":1},"f":{"0":2,"1":4},"b":{},"_coverageSchema":"1a1c01bbd47fc00a2c39e90264f33305004495a9","hash":"2b9613bb50d149557d26e2e69109b6ba5ff7d005"}
}
