{"C:\\Users\\pedro\\Documentos\\programas\\DevPleno\\ConvertMyMoney\\lib\\api.bc.js": {"path":"C:\\Users\\pedro\\Documentos\\programas\\DevPleno\\ConvertMyMoney\\lib\\api.bc.js","statementMap":{"0":{"start":{"line":1,"column":14},"end":{"line":1,"column":30}},"1":{"start":{"line":7,"column":20},"end":{"line":26,"column":1}},"2":{"start":{"line":8,"column":21},"end":{"line":8,"column":31}},"3":{"start":{"line":9,"column":14},"end":{"line":9,"column":32}},"4":{"start":{"line":10,"column":17},"end":{"line":10,"column":36}},"5":{"start":{"line":11,"column":20},"end":{"line":11,"column":41}},"6":{"start":{"line":12,"column":22},"end":{"line":12,"column":39}},"7":{"start":{"line":13,"column":4},"end":{"line":21,"column":5}},"8":{"start":{"line":14,"column":8},"end":{"line":14,"column":21}},"9":{"start":{"line":15,"column":11},"end":{"line":21,"column":5}},"10":{"start":{"line":17,"column":8},"end":{"line":17,"column":21}},"11":{"start":{"line":18,"column":11},"end":{"line":21,"column":5}},"12":{"start":{"line":20,"column":8},"end":{"line":20,"column":21}},"13":{"start":{"line":22,"column":16},"end":{"line":22,"column":39}},"14":{"start":{"line":23,"column":16},"end":{"line":23,"column":38}},"15":{"start":{"line":24,"column":16},"end":{"line":24,"column":234}},"16":{"start":{"line":25,"column":4},"end":{"line":25,"column":14}},"17":{"start":{"line":28,"column":17},"end":{"line":42,"column":1}},"18":{"start":{"line":29,"column":21},"end":{"line":29,"column":34}},"19":{"start":{"line":30,"column":17},"end":{"line":30,"column":42}},"20":{"start":{"line":31,"column":24},"end":{"line":31,"column":28}},"21":{"start":{"line":32,"column":23},"end":{"line":32,"column":27}},"22":{"start":{"line":33,"column":26},"end":{"line":33,"column":48}},"23":{"start":{"line":34,"column":4},"end":{"line":38,"column":5}},"24":{"start":{"line":35,"column":8},"end":{"line":35,"column":62}},"25":{"start":{"line":36,"column":8},"end":{"line":36,"column":60}},"26":{"start":{"line":37,"column":8},"end":{"line":37,"column":66}},"27":{"start":{"line":39,"column":4},"end":{"line":39,"column":59}},"28":{"start":{"line":44,"column":0},"end":{"line":47,"column":1}}},"fnMap":{"0":{"name":"(anonymous_0)","decl":{"start":{"line":7,"column":20},"end":{"line":7,"column":21}},"loc":{"start":{"line":7,"column":26},"end":{"line":26,"column":1}},"line":7},"1":{"name":"(anonymous_1)","decl":{"start":{"line":28,"column":17},"end":{"line":28,"column":18}},"loc":{"start":{"line":28,"column":29},"end":{"line":42,"column":1}},"line":28}},"branchMap":{"0":{"loc":{"start":{"line":13,"column":4},"end":{"line":21,"column":5}},"type":"if","locations":[{"start":{"line":13,"column":4},"end":{"line":21,"column":5}},{"start":{"line":13,"column":4},"end":{"line":21,"column":5}}],"line":13},"1":{"loc":{"start":{"line":13,"column":8},"end":{"line":13,"column":88}},"type":"binary-expr","locations":[{"start":{"line":13,"column":8},"end":{"line":13,"column":22}},{"start":{"line":13,"column":26},"end":{"line":13,"column":40}},{"start":{"line":13,"column":45},"end":{"line":13,"column":54}},{"start":{"line":13,"column":59},"end":{"line":13,"column":69}},{"start":{"line":13,"column":73},"end":{"line":13,"column":86}}],"line":13},"2":{"loc":{"start":{"line":15,"column":11},"end":{"line":21,"column":5}},"type":"if","locations":[{"start":{"line":15,"column":11},"end":{"line":21,"column":5}},{"start":{"line":15,"column":11},"end":{"line":21,"column":5}}],"line":15},"3":{"loc":{"start":{"line":18,"column":11},"end":{"line":21,"column":5}},"type":"if","locations":[{"start":{"line":18,"column":11},"end":{"line":21,"column":5}},{"start":{"line":18,"column":11},"end":{"line":21,"column":5}}],"line":18},"4":{"loc":{"start":{"line":34,"column":4},"end":{"line":38,"column":5}},"type":"if","locations":[{"start":{"line":34,"column":4},"end":{"line":38,"column":5}},{"start":{"line":34,"column":4},"end":{"line":38,"column":5}}],"line":34}},"s":{"0":1,"1":1,"2":11,"3":11,"4":11,"5":11,"6":11,"7":11,"8":3,"9":8,"10":3,"11":5,"12":3,"13":11,"14":11,"15":11,"16":11,"17":1,"18":0,"19":0,"20":0,"21":0,"22":0,"23":0,"24":0,"25":0,"26":0,"27":0,"28":1},"f":{"0":11,"1":0},"b":{"0":[3,8],"1":[11,8,5,4,3],"2":[3,5],"3":[3,2],"4":[0,0]},"_coverageSchema":"1a1c01bbd47fc00a2c39e90264f33305004495a9","hash":"fbb69e91f8e2db2393d6fd10c44790472f1b024a"}
,"C:\\Users\\pedro\\Documentos\\programas\\DevPleno\\ConvertMyMoney\\lib\\convert.js": {"path":"C:\\Users\\pedro\\Documentos\\programas\\DevPleno\\ConvertMyMoney\\lib\\convert.js","statementMap":{"0":{"start":{"line":1,"column":16},"end":{"line":1,"column":55}},"1":{"start":{"line":1,"column":38},"end":{"line":1,"column":55}},"2":{"start":{"line":3,"column":16},"end":{"line":3,"column":55}},"3":{"start":{"line":3,"column":27},"end":{"line":3,"column":55}},"4":{"start":{"line":5,"column":0},"end":{"line":8,"column":1}}},"fnMap":{"0":{"name":"(anonymous_0)","decl":{"start":{"line":1,"column":16},"end":{"line":1,"column":17}},"loc":{"start":{"line":1,"column":38},"end":{"line":1,"column":55}},"line":1},"1":{"name":"(anonymous_1)","decl":{"start":{"line":3,"column":16},"end":{"line":3,"column":17}},"loc":{"start":{"line":3,"column":27},"end":{"line":3,"column":55}},"line":3}},"branchMap":{},"s":{"0":1,"1":2,"2":1,"3":4,"4":1},"f":{"0":2,"1":4},"b":{},"_coverageSchema":"1a1c01bbd47fc00a2c39e90264f33305004495a9","hash":"2b9613bb50d149557d26e2e69109b6ba5ff7d005"}
}
