TN:
SF:lib\api.bc.js
FN:7,(anonymous_0)
FN:21,(anonymous_1)
FNF:2
FNH:1
FNDA:5,(anonymous_0)
FNDA:0,(anonymous_1)
DA:1,1
DA:7,1
DA:8,5
DA:9,5
DA:10,5
DA:11,5
DA:12,5
DA:13,3
DA:15,5
DA:16,5
DA:17,5
DA:18,5
DA:21,1
DA:22,0
DA:23,0
DA:24,0
DA:25,0
DA:26,0
DA:27,0
DA:28,0
DA:29,0
DA:30,0
DA:32,0
DA:37,1
LF:24
LH:14
BRDA:12,0,0,3
BRDA:12,0,1,2
BRDA:12,1,0,5
BRDA:12,1,1,4
BRDA:12,1,2,3
BRDA:27,2,0,0
BRDA:27,2,1,0
BRF:7
BRH:5
end_of_record
TN:
SF:lib\convert.js
FN:1,(anonymous_0)
FN:3,(anonymous_1)
FNF:2
FNH:1
FNDA:2,(anonymous_0)
FNDA:0,(anonymous_1)
DA:1,2
DA:3,1
DA:5,1
LF:3
LH:3
BRF:0
BRH:0
end_of_record
