TN:
SF:lib\api.bc.js
FN:7,(anonymous_0)
FN:28,(anonymous_1)
FNF:2
FNH:1
FNDA:11,(anonymous_0)
FNDA:0,(anonymous_1)
DA:1,1
DA:7,1
DA:8,11
DA:9,11
DA:10,11
DA:11,11
DA:12,11
DA:13,11
DA:14,3
DA:15,8
DA:17,3
DA:18,5
DA:20,3
DA:22,11
DA:23,11
DA:24,11
DA:25,11
DA:28,1
DA:29,0
DA:30,0
DA:31,0
DA:32,0
DA:33,0
DA:34,0
DA:35,0
DA:36,0
DA:37,0
DA:39,0
DA:44,1
LF:29
LH:19
BRDA:13,0,0,3
BRDA:13,0,1,8
BRDA:13,1,0,11
BRDA:13,1,1,8
BRDA:13,1,2,5
BRDA:13,1,3,4
BRDA:13,1,4,3
BRDA:15,2,0,3
BRDA:15,2,1,5
BRDA:18,3,0,3
BRDA:18,3,1,2
BRDA:34,4,0,0
BRDA:34,4,1,0
BRF:13
BRH:11
end_of_record
TN:
SF:lib\convert.js
FN:1,(anonymous_0)
FN:3,(anonymous_1)
FNF:2
FNH:2
FNDA:2,(anonymous_0)
FNDA:4,(anonymous_1)
DA:1,2
DA:3,4
DA:5,1
LF:3
LH:3
BRF:0
BRH:0
end_of_record
